{
  "stats": {
    "suites": 2,
    "tests": 5,
    "passes": 5,
    "pending": 0,
    "failures": 0,
    "start": "2022-09-01T19:25:41.943Z",
    "end": "2022-09-01T19:28:51.520Z",
    "duration": 189577,
    "testsRegistered": 5,
    "passPercent": 100,
    "pendingPercent": 0,
    "other": 0,
    "hasOther": false,
    "skipped": 0,
    "hasSkipped": false
  },
  "results": [
    {
      "uuid": "fb8c1abf-782e-40d2-910a-fdb3cd015d34",
      "title": "",
      "fullFile": "",
      "file": "",
      "beforeHooks": [],
      "afterHooks": [],
      "tests": [],
      "suites": [
        {
          "uuid": "6b65f509-0cd3-40ce-98d9-80bc5f52d0d7",
          "title": "Create User",
          "fullFile": "C:\\Users\\Fernanda Cristina\\Desktop\\automacao-codecept-js-web\\steps\\create_user_test.js",
          "file": "\\steps\\create_user_test.js",
          "beforeHooks": [
            {
              "title": "\"before all\" hook: codeceptjs.beforeSuite in \"Create User\"",
              "fullTitle": "Create User \"before all\" hook: codeceptjs.beforeSuite in \"Create User\"",
              "timedOut": false,
              "duration": 14423,
              "state": null,
              "speed": null,
              "pass": false,
              "fail": false,
              "pending": false,
              "context": null,
              "code": "scenario.suiteSetup(suite)",
              "err": {},
              "uuid": "e46f1ce7-6c50-4aef-ac23-33e1d32d2bbb",
              "parentUUID": "6b65f509-0cd3-40ce-98d9-80bc5f52d0d7",
              "isHook": true,
              "skipped": false
            },
            {
              "title": "\"before each\" hook: codeceptjs.before in \"Create User\"",
              "fullTitle": "Create User \"before each\" hook: codeceptjs.before in \"Create User\"",
              "timedOut": false,
              "duration": 2180,
              "state": null,
              "speed": null,
              "pass": false,
              "fail": false,
              "pending": false,
              "context": null,
              "code": "scenario.setup(suite)",
              "err": {},
              "uuid": "f82fffb0-93f1-4569-bad0-ee5235798de3",
              "parentUUID": "6b65f509-0cd3-40ce-98d9-80bc5f52d0d7",
              "isHook": true,
              "skipped": false
            }
          ],
          "afterHooks": [
            {
              "title": "\"after all\" hook: codeceptjs.afterSuite in \"Create User\"",
              "fullTitle": "Create User \"after all\" hook: codeceptjs.afterSuite in \"Create User\"",
              "timedOut": false,
              "duration": 47,
              "state": null,
              "speed": null,
              "pass": false,
              "fail": false,
              "pending": false,
              "context": null,
              "code": "scenario.suiteTeardown(suite)",
              "err": {},
              "uuid": "d6454f69-bc80-41c7-a38e-746aeff56342",
              "parentUUID": "6b65f509-0cd3-40ce-98d9-80bc5f52d0d7",
              "isHook": true,
              "skipped": false
            },
            {
              "title": "\"after each\" hook: finalize codeceptjs in \"Create User\"",
              "fullTitle": "Create User \"after each\" hook: finalize codeceptjs in \"Create User\"",
              "timedOut": false,
              "duration": 889,
              "state": null,
              "speed": null,
              "pass": false,
              "fail": false,
              "pending": false,
              "context": null,
              "code": "scenario.teardown(suite)",
              "err": {},
              "uuid": "2db0fa08-a681-4f7a-8549-4c245743e76b",
              "parentUUID": "6b65f509-0cd3-40ce-98d9-80bc5f52d0d7",
              "isHook": true,
              "skipped": false
            }
          ],
          "tests": [
            {
              "title": "Login with success",
              "fullTitle": "Create User: Login with success",
              "timedOut": false,
              "duration": 50748,
              "state": "passed",
              "speed": "slow",
              "pass": true,
              "fail": false,
              "pending": false,
              "context": null,
              "code": "login}) => {\n    await login('user')",
              "err": {},
              "uuid": "cc66d20a-86b4-4457-8d3d-2f2840baf6fe",
              "parentUUID": "6b65f509-0cd3-40ce-98d9-80bc5f52d0d7",
              "isHook": false,
              "skipped": false
            },
            {
              "title": "Create a New User",
              "fullTitle": "Create User: Create a New User",
              "timedOut": false,
              "duration": 20630,
              "state": "passed",
              "speed": "slow",
              "pass": true,
              "fail": false,
              "pending": false,
              "context": null,
              "code": "var name = faker.faker.name.firstName(); \n    var lastName = faker.faker.name.lastName(); \n    \n    I.amOnPage('/')\n    // home\n    home_page.accessLoginPage()\n    // login\n    login_page.submitCreateNewAccount(faker.faker.internet.email())\n    // create user\n    create_user_page.fillFieldsCreateUser(name, lastName)\n    create_user_page.createUser()\n    \n    // my_account\n    my_account_page.validateUserLogged(name, lastName)",
              "err": {},
              "uuid": "629af274-a225-4e34-acf8-310dae27dafc",
              "parentUUID": "6b65f509-0cd3-40ce-98d9-80bc5f52d0d7",
              "isHook": false,
              "skipped": false
            }
          ],
          "suites": [],
          "passes": [
            "cc66d20a-86b4-4457-8d3d-2f2840baf6fe",
            "629af274-a225-4e34-acf8-310dae27dafc"
          ],
          "failures": [],
          "pending": [],
          "skipped": [],
          "duration": 71378,
          "root": false,
          "rootEmpty": false,
          "_timeout": 0
        },
        {
          "uuid": "9e5c22c5-04d4-4861-9222-caee51cd9d32",
          "title": "Login",
          "fullFile": "C:\\Users\\Fernanda Cristina\\Desktop\\automacao-codecept-js-web\\steps\\login_test.js",
          "file": "\\steps\\login_test.js",
          "beforeHooks": [
            {
              "title": "\"before all\" hook: codeceptjs.beforeSuite in \"Login\"",
              "fullTitle": "Login \"before all\" hook: codeceptjs.beforeSuite in \"Login\"",
              "timedOut": false,
              "duration": 0,
              "state": null,
              "speed": null,
              "pass": false,
              "fail": false,
              "pending": false,
              "context": null,
              "code": "scenario.suiteSetup(suite)",
              "err": {},
              "uuid": "91aaf768-fab9-4f3f-ad74-0857db6cb748",
              "parentUUID": "9e5c22c5-04d4-4861-9222-caee51cd9d32",
              "isHook": true,
              "skipped": false
            },
            {
              "title": "\"before each\" hook: codeceptjs.before in \"Login\"",
              "fullTitle": "Login \"before each\" hook: codeceptjs.before in \"Login\"",
              "timedOut": false,
              "duration": 5864,
              "state": null,
              "speed": null,
              "pass": false,
              "fail": false,
              "pending": false,
              "context": null,
              "code": "scenario.setup(suite)",
              "err": {},
              "uuid": "c89dc799-c6ba-4b1b-8ed3-37fa3b289edd",
              "parentUUID": "9e5c22c5-04d4-4861-9222-caee51cd9d32",
              "isHook": true,
              "skipped": false
            },
            {
              "title": "\"before each\" hook: Before in \"Login\"",
              "fullTitle": "Login \"before each\" hook: Before in \"Login\"",
              "timedOut": false,
              "duration": 13251,
              "state": null,
              "speed": null,
              "pass": false,
              "fail": false,
              "pending": false,
              "context": null,
              "code": "I.amOnPage('/')",
              "err": {},
              "uuid": "83f8b05e-8c07-4c5e-855e-036f124fa523",
              "parentUUID": "9e5c22c5-04d4-4861-9222-caee51cd9d32",
              "isHook": true,
              "skipped": false
            }
          ],
          "afterHooks": [
            {
              "title": "\"after all\" hook: AfterSuite in \"Login\"",
              "fullTitle": "Login \"after all\" hook: AfterSuite in \"Login\"",
              "timedOut": false,
              "duration": 3,
              "state": null,
              "speed": null,
              "pass": false,
              "fail": false,
              "pending": false,
              "context": null,
              "code": "console.log('Depois de tudo')",
              "err": {},
              "uuid": "1f07bb23-33e2-4eb4-8243-93c39711c55b",
              "parentUUID": "9e5c22c5-04d4-4861-9222-caee51cd9d32",
              "isHook": true,
              "skipped": false
            },
            {
              "title": "\"after all\" hook: codeceptjs.afterSuite in \"Login\"",
              "fullTitle": "Login \"after all\" hook: codeceptjs.afterSuite in \"Login\"",
              "timedOut": false,
              "duration": 13,
              "state": null,
              "speed": null,
              "pass": false,
              "fail": false,
              "pending": false,
              "context": null,
              "code": "scenario.suiteTeardown(suite)",
              "err": {},
              "uuid": "17b442c1-3220-45f1-8f42-dac73ba78360",
              "parentUUID": "9e5c22c5-04d4-4861-9222-caee51cd9d32",
              "isHook": true,
              "skipped": false
            },
            {
              "title": "\"after each\" hook: After in \"Login\"",
              "fullTitle": "Login \"after each\" hook: After in \"Login\"",
              "timedOut": false,
              "duration": 1,
              "state": null,
              "speed": null,
              "pass": false,
              "fail": false,
              "pending": false,
              "context": null,
              "code": "console.log('After')",
              "err": {},
              "uuid": "1db54121-a9d5-4ec2-8831-b8524c131999",
              "parentUUID": "9e5c22c5-04d4-4861-9222-caee51cd9d32",
              "isHook": true,
              "skipped": false
            },
            {
              "title": "\"after each\" hook: finalize codeceptjs in \"Login\"",
              "fullTitle": "Login \"after each\" hook: finalize codeceptjs in \"Login\"",
              "timedOut": false,
              "duration": 718,
              "state": null,
              "speed": null,
              "pass": false,
              "fail": false,
              "pending": false,
              "context": null,
              "code": "scenario.teardown(suite)",
              "err": {},
              "uuid": "37337225-4706-4432-8193-bde886b7fa5b",
              "parentUUID": "9e5c22c5-04d4-4861-9222-caee51cd9d32",
              "isHook": true,
              "skipped": false
            }
          ],
          "tests": [
            {
              "title": "Validade Empty E-mail On Create Account",
              "fullTitle": "Login: Validade Empty E-mail On Create Account",
              "timedOut": false,
              "duration": 4242,
              "state": "passed",
              "speed": "slow",
              "pass": true,
              "fail": false,
              "pending": false,
              "context": null,
              "code": "I}) => {\n    I.click('.login')\n    I.click('#SubmitCreate')\n    I.waitForText('Invalid email address.', 30); \n    I.see('Invalid email address.')",
              "err": {},
              "uuid": "1ea414d1-f5c3-42a6-9bc1-68c5ec09ff85",
              "parentUUID": "9e5c22c5-04d4-4861-9222-caee51cd9d32",
              "isHook": false,
              "skipped": false
            },
            {
              "title": "Validade Empty E-mail On Create Account 2",
              "fullTitle": "Login: Validade Empty E-mail On Create Account 2",
              "timedOut": false,
              "duration": 9621,
              "state": "passed",
              "speed": "slow",
              "pass": true,
              "fail": false,
              "pending": false,
              "context": null,
              "code": "I}) => {\n    I.click('.login')",
              "err": {},
              "uuid": "3803c29f-3731-43e8-adb0-943a352a620f",
              "parentUUID": "9e5c22c5-04d4-4861-9222-caee51cd9d32",
              "isHook": false,
              "skipped": false
            },
            {
              "title": "Validade Empty E-mail On Create Account 3",
              "fullTitle": "Login: Validade Empty E-mail On Create Account 3",
              "timedOut": false,
              "duration": 4114,
              "state": "passed",
              "speed": "slow",
              "pass": true,
              "fail": false,
              "pending": false,
              "context": null,
              "code": "I}) => {\n    I.click('.login')",
              "err": {},
              "uuid": "0616123c-3245-4b2b-9c04-d8ad7bae6cf8",
              "parentUUID": "9e5c22c5-04d4-4861-9222-caee51cd9d32",
              "isHook": false,
              "skipped": false
            }
          ],
          "suites": [],
          "passes": [
            "1ea414d1-f5c3-42a6-9bc1-68c5ec09ff85",
            "3803c29f-3731-43e8-adb0-943a352a620f",
            "0616123c-3245-4b2b-9c04-d8ad7bae6cf8"
          ],
          "failures": [],
          "pending": [],
          "skipped": [],
          "duration": 17977,
          "root": false,
          "rootEmpty": false,
          "_timeout": 0
        }
      ],
      "passes": [],
      "failures": [],
      "pending": [],
      "skipped": [],
      "duration": 0,
      "root": true,
      "rootEmpty": true,
      "_timeout": 0
    }
  ],
  "meta": {
    "mocha": {
      "version": "10.0.0"
    },
    "mochawesome": {
      "options": {
        "quiet": false,
        "reportFilename": "mochawesome",
        "saveHtml": true,
        "saveJson": true,
        "consoleReporter": "spec",
        "useInlineDiffs": false,
        "code": true
      },
      "version": "7.1.3"
    },
    "marge": {
      "options": {},
      "version": "6.2.0"
    }
  }
}